<?xml version="1.0" encoding="UTF-8"?>
<testng-results ignored="0" total="3" passed="3" failed="0" skipped="0">
  <reporter-output>
  </reporter-output>
  <suite started-at="2022-04-03T14:04:15 IST" name="Default suite" finished-at="2022-04-03T14:04:37 IST" duration-ms="21802">
    <groups>
    </groups>
    <test started-at="2022-04-03T14:04:15 IST" name="Default test" finished-at="2022-04-03T14:04:37 IST" duration-ms="21802">
      <class name="test">
        <test-method signature="addToCart()[pri:0, instance:test@770d3326]" started-at="2022-04-03T14:04:15 IST" name="addToCart" finished-at="2022-04-03T14:04:23 IST" duration-ms="7863" status="PASS">
          <reporter-output>
          </reporter-output>
        </test-method> <!-- addToCart -->
        <test-method signature="login()[pri:0, instance:test@770d3326]" started-at="2022-04-03T14:04:23 IST" name="login" finished-at="2022-04-03T14:04:30 IST" duration-ms="7086" status="PASS">
          <reporter-output>
          </reporter-output>
        </test-method> <!-- login -->
        <test-method signature="register()[pri:1, instance:test@770d3326]" started-at="2022-04-03T14:04:30 IST" name="register" finished-at="2022-04-03T14:04:37 IST" duration-ms="6812" status="PASS">
          <reporter-output>
          </reporter-output>
        </test-method> <!-- register -->
      </class> <!-- test -->
    </test> <!-- Default test -->
  </suite> <!-- Default suite -->
</testng-results>
